{
  "RSpec": {
    "coverage": {
      "/home/tejumade/Documents/Personal/customer_support_system/spec/factories/comment.rb": [
        null,
        null,
        1,
        1,
        1,
        1,
        2,
        null,
        null
      ],
      "/home/tejumade/Documents/Personal/customer_support_system/spec/factories/tickets.rb": [
        null,
        null,
        1,
        1,
        1,
        4,
        4,
        null,
        null
      ],
      "/home/tejumade/Documents/Personal/customer_support_system/spec/factories/users.rb": [
        null,
        null,
        1,
        1,
        16,
        16,
        16,
        null,
        null
      ],
      "/home/tejumade/Documents/Personal/customer_support_system/spec/support/controller_spec_helper.rb": [
        null,
        null,
        1,
        1,
        8,
        null,
        null,
        1,
        null,
        null,
        0,
        null,
        null,
        1,
        null,
        7,
        null,
        null,
        null,
        null,
        1,
        0,
        null,
        null,
        null,
        null,
        null
      ],
      "/home/tejumade/Documents/Personal/customer_support_system/spec/support/request_spec_helper.rb": [
        null,
        null,
        1,
        1,
        2,
        null,
        null
      ],
      "/home/tejumade/Documents/Personal/customer_support_system/app/commands/authenticate_user.rb": [
        null,
        null,
        1,
        1,
        null,
        1,
        2,
        2,
        null,
        null,
        1,
        2,
        null,
        null,
        1,
        null,
        1,
        null,
        1,
        4,
        4,
        null,
        1,
        null,
        null,
        null
      ],
      "/home/tejumade/Documents/Personal/customer_support_system/spec/commands/authorize_api_request_spec.rb": [
        null,
        null,
        1,
        null,
        1,
        2,
        2,
        2,
        2,
        null,
        1,
        1,
        1,
        1,
        1,
        null,
        null,
        null,
        1,
        1,
        1,
        1,
        1,
        null,
        null,
        null,
        null,
        null
      ],
      "/home/tejumade/Documents/Personal/customer_support_system/app/commands/authorize_api_request.rb": [
        null,
        null,
        1,
        1,
        null,
        1,
        7,
        null,
        null,
        1,
        7,
        null,
        null,
        1,
        null,
        1,
        null,
        1,
        7,
        7,
        null,
        null,
        1,
        13,
        null,
        null,
        1,
        7,
        6,
        null,
        1,
        null,
        null,
        null,
        null,
        null
      ],
      "/home/tejumade/Documents/Personal/customer_support_system/spec/models/comment_spec.rb": [
        null,
        null,
        1,
        null,
        1,
        1,
        null
      ],
      "/home/tejumade/Documents/Personal/customer_support_system/app/models/comment.rb": [
        null,
        null,
        1,
        1,
        1,
        null,
        1,
        null,
        1,
        1,
        null,
        null,
        1,
        1,
        1,
        null,
        null
      ],
      "/home/tejumade/Documents/Personal/customer_support_system/app/models/application_record.rb": [
        null,
        null,
        1,
        1,
        null
      ],
      "/home/tejumade/Documents/Personal/customer_support_system/spec/models/ticket_spec.rb": [
        null,
        null,
        1,
        null,
        1,
        2,
        2,
        2,
        null
      ],
      "/home/tejumade/Documents/Personal/customer_support_system/app/models/ticket.rb": [
        null,
        null,
        1,
        1,
        1,
        1,
        null,
        null,
        null,
        null,
        null,
        1,
        null,
        1,
        null,
        1,
        0,
        null,
        null
      ],
      "/home/tejumade/Documents/Personal/customer_support_system/spec/models/user_spec.rb": [
        null,
        null,
        1,
        null,
        1,
        2,
        2,
        2,
        null
      ],
      "/home/tejumade/Documents/Personal/customer_support_system/app/models/user.rb": [
        null,
        null,
        1,
        1,
        1,
        1,
        null,
        1,
        null,
        1,
        1,
        1,
        null,
        1,
        null,
        1,
        null,
        1,
        0,
        null,
        null,
        1,
        0,
        null,
        null
      ],
      "/home/tejumade/Documents/Personal/customer_support_system/spec/requests/comments_spec.rb": [
        null,
        null,
        1,
        null,
        1,
        2,
        2,
        2,
        2,
        null,
        1,
        1,
        1,
        1,
        null,
        null,
        null,
        1,
        1,
        1,
        1,
        null,
        null,
        null,
        null,
        null
      ],
      "/home/tejumade/Documents/Personal/customer_support_system/spec/requests/tickets_spec.rb": [
        null,
        null,
        1,
        null,
        1,
        5,
        1,
        3,
        5,
        null,
        1,
        1,
        1,
        2,
        2,
        null,
        null,
        1,
        1,
        null,
        null,
        1,
        1,
        null,
        null,
        null,
        1,
        1,
        2,
        2,
        null,
        null,
        1,
        1,
        null,
        null,
        1,
        1,
        null,
        null,
        null,
        null,
        null
      ],
      "/home/tejumade/Documents/Personal/customer_support_system/spec/requests/users_spec.rb": [
        null,
        null,
        1,
        null,
        null,
        1,
        3,
        3,
        1,
        0,
        null,
        1,
        1,
        1,
        null,
        1,
        0,
        null,
        null,
        1,
        0,
        null,
        null,
        1,
        0,
        null,
        null,
        null,
        1,
        3,
        null,
        1,
        1,
        null,
        null,
        1,
        1,
        1,
        null,
        null,
        null,
        null,
        null
      ],
      "/home/tejumade/Documents/Personal/customer_support_system/lib/json_web_token.rb": [
        null,
        null,
        1,
        1,
        null,
        1,
        1,
        9,
        9,
        null,
        null,
        1,
        7,
        6,
        null,
        1,
        null,
        null,
        null
      ],
      "/home/tejumade/Documents/Personal/customer_support_system/app/controllers/comments_controller.rb": [
        null,
        null,
        1,
        1,
        1,
        null,
        1,
        null,
        1,
        null,
        null,
        0,
        null,
        0,
        null,
        null,
        1,
        0,
        null,
        null
      ],
      "/home/tejumade/Documents/Personal/customer_support_system/app/controllers/application_controller.rb": [
        null,
        null,
        1,
        1,
        1,
        null,
        1,
        null,
        1,
        5,
        5,
        null,
        null
      ],
      "/home/tejumade/Documents/Personal/customer_support_system/app/controllers/tickets_controller.rb": [
        null,
        null,
        1,
        1,
        1,
        0,
        0,
        null,
        null,
        1,
        0,
        0,
        null,
        null,
        1,
        4,
        4,
        4,
        4,
        4,
        2,
        null,
        2,
        null,
        null,
        null,
        null,
        1,
        0,
        0,
        0,
        null,
        null,
        1,
        0,
        0,
        0,
        null,
        null,
        1,
        null,
        1,
        4,
        null,
        null,
        1,
        0,
        null,
        null
      ],
      "/home/tejumade/Documents/Personal/customer_support_system/app/controllers/users_controller.rb": [
        null,
        null,
        1,
        1,
        null,
        1,
        2,
        2,
        0,
        0,
        0,
        null,
        2,
        null,
        null,
        null,
        null,
        1,
        null,
        1,
        2,
        null,
        null
      ]
    },
    "timestamp": 1658579340
  }
}
