{
  "RSpec": {
    "coverage": {
      "/home/tejumade/Documents/Personal/customer_support_system/spec/factories/comment.rb": [
        null,
        null,
        1,
        1,
        1,
        1,
        1,
        null,
        null
      ],
      "/home/tejumade/Documents/Personal/customer_support_system/spec/factories/tickets.rb": [
        null,
        null,
        1,
        1,
        1,
        1,
        1,
        null,
        null
      ],
      "/home/tejumade/Documents/Personal/customer_support_system/spec/factories/users.rb": [
        null,
        null,
        1,
        1,
        3,
        3,
        3,
        null,
        null
      ],
      "/home/tejumade/Documents/Personal/customer_support_system/spec/support/controller_spec_helper.rb": [
        null,
        null,
        1,
        1,
        2,
        null,
        null,
        1,
        null,
        null,
        0,
        null,
        null,
        1,
        null,
        2,
        null,
        null,
        null,
        null,
        1,
        0,
        null,
        null,
        null,
        null,
        null
      ],
      "/home/tejumade/Documents/Personal/customer_support_system/spec/support/request_spec_helper.rb": [
        null,
        null,
        1,
        1,
        1,
        null,
        null
      ],
      "/home/tejumade/Documents/Personal/customer_support_system/app/models/user.rb": [
        null,
        null,
        1,
        1,
        1,
        1,
        null,
        1,
        null,
        1,
        1,
        1,
        null,
        1,
        null,
        1,
        null,
        1,
        0,
        null,
        null,
        1,
        0,
        null,
        null
      ],
      "/home/tejumade/Documents/Personal/customer_support_system/app/models/application_record.rb": [
        null,
        null,
        1,
        1,
        null
      ],
      "/home/tejumade/Documents/Personal/customer_support_system/lib/json_web_token.rb": [
        null,
        null,
        1,
        1,
        null,
        1,
        1,
        2,
        2,
        null,
        null,
        1,
        0,
        0,
        null,
        0,
        null,
        null,
        null
      ],
      "/home/tejumade/Documents/Personal/customer_support_system/app/controllers/users_controller.rb": [
        null,
        null,
        1,
        1,
        null,
        1,
        2,
        2,
        0,
        0,
        0,
        null,
        2,
        null,
        null,
        null,
        null,
        1,
        null,
        1,
        2,
        null,
        null
      ],
      "/home/tejumade/Documents/Personal/customer_support_system/app/controllers/application_controller.rb": [
        null,
        null,
        1,
        1,
        1,
        null,
        1,
        null,
        1,
        0,
        0,
        null,
        null
      ]
    },
    "timestamp": 1658579048
  }
}
